TN:
SF:src\app\book\BookService.js
FN:5,(anonymous_0)
FN:9,(anonymous_1)
FN:11,(anonymous_2)
FNF:3
FNH:3
FNDA:2,(anonymous_0)
FNDA:2,(anonymous_1)
FNDA:2,(anonymous_2)
DA:1,1
DA:2,1
DA:6,2
DA:10,2
DA:11,2
DA:12,2
DA:13,2
DA:23,1
LF:8
LH:8
BRF:0
BRH:0
end_of_record
TN:
SF:src\app\member\MemberService.js
FN:8,(anonymous_0)
FN:14,(anonymous_1)
FN:48,(anonymous_2)
FN:82,(anonymous_3)
FN:84,(anonymous_4)
FNF:5
FNH:5
FNDA:12,(anonymous_0)
FNDA:6,(anonymous_1)
FNDA:5,(anonymous_2)
FNDA:1,(anonymous_3)
FNDA:2,(anonymous_4)
DA:1,1
DA:2,1
DA:3,1
DA:4,1
DA:5,1
DA:9,12
DA:10,12
DA:11,12
DA:15,6
DA:16,6
DA:17,1
DA:20,5
DA:21,5
DA:22,1
DA:25,4
DA:32,4
DA:41,4
DA:42,1
DA:44,1
DA:45,1
DA:49,5
DA:50,5
DA:51,1
DA:54,4
DA:55,4
DA:56,1
DA:59,3
DA:66,3
DA:75,3
DA:76,2
DA:78,2
DA:79,2
DA:83,1
DA:84,1
DA:85,2
DA:92,2
DA:102,1
LF:37
LH:37
BRDA:16,0,0,1
BRDA:16,0,1,5
BRDA:21,1,0,1
BRDA:21,1,1,4
BRDA:48,2,0,5
BRDA:50,3,0,1
BRDA:50,3,1,4
BRDA:55,4,0,1
BRDA:55,4,1,3
BRF:9
BRH:9
end_of_record
TN:
SF:src\domain\book\Book.js
FN:2,(anonymous_0)
FN:11,(anonymous_1)
FN:15,(anonymous_2)
FN:26,(anonymous_3)
FNF:4
FNH:4
FNDA:17,(anonymous_0)
FNDA:8,(anonymous_1)
FNDA:4,(anonymous_2)
FNDA:3,(anonymous_3)
DA:3,17
DA:4,17
DA:5,17
DA:6,17
DA:7,17
DA:8,17
DA:12,8
DA:16,4
DA:17,1
DA:20,3
DA:21,3
DA:22,2
DA:27,3
DA:28,3
DA:32,4
LF:15
LH:15
BRDA:2,0,0,6
BRDA:12,1,0,8
BRDA:12,1,1,6
BRDA:16,2,0,1
BRDA:16,2,1,3
BRDA:21,3,0,2
BRDA:21,3,1,1
BRF:7
BRH:7
end_of_record
TN:
SF:src\domain\book\BookRepository.js
FN:2,(anonymous_0)
FN:6,(anonymous_1)
FN:10,(anonymous_2)
FNF:3
FNH:3
FNDA:1,(anonymous_0)
FNDA:1,(anonymous_1)
FNDA:1,(anonymous_2)
DA:3,1
DA:7,1
DA:11,1
DA:15,4
LF:4
LH:4
BRF:0
BRH:0
end_of_record
TN:
SF:src\domain\borrowedBook\BorrowedBookRepository.js
FN:2,(anonymous_0)
FN:6,(anonymous_1)
FN:10,(anonymous_2)
FN:14,(anonymous_3)
FNF:4
FNH:4
FNDA:1,(anonymous_0)
FNDA:1,(anonymous_1)
FNDA:1,(anonymous_2)
FNDA:1,(anonymous_3)
DA:3,1
DA:7,1
DA:11,1
DA:15,1
DA:19,3
LF:5
LH:5
BRF:0
BRH:0
end_of_record
TN:
SF:src\domain\member\Member.js
FN:2,(anonymous_0)
FN:10,(anonymous_1)
FN:18,(anonymous_2)
FN:33,(anonymous_3)
FN:61,(anonymous_4)
FNF:5
FNH:5
FNDA:14,(anonymous_0)
FNDA:8,(anonymous_1)
FNDA:7,(anonymous_2)
FNDA:5,(anonymous_3)
FNDA:2,(anonymous_4)
DA:3,14
DA:4,14
DA:5,14
DA:6,14
DA:7,14
DA:11,8
DA:12,1
DA:15,7
DA:19,7
DA:20,3
DA:23,4
DA:24,2
DA:27,2
DA:34,5
DA:38,5
DA:39,2
DA:42,3
DA:43,3
DA:47,3
DA:49,3
DA:50,2
DA:51,2
DA:54,3
DA:62,2
DA:63,2
DA:67,2
LF:26
LH:26
BRDA:2,0,0,5
BRDA:11,1,0,1
BRDA:11,1,1,7
BRDA:11,2,0,8
BRDA:11,2,1,1
BRDA:19,3,0,3
BRDA:19,3,1,4
BRDA:23,4,0,2
BRDA:23,4,1,2
BRDA:38,5,0,2
BRDA:38,5,1,3
BRDA:38,6,0,5
BRDA:38,6,1,3
BRDA:49,7,0,2
BRDA:49,7,1,1
BRDA:61,8,0,2
BRF:16
BRH:16
end_of_record
TN:
SF:src\domain\member\MemberRepository.js
FN:2,(anonymous_0)
FN:6,(anonymous_1)
FN:10,(anonymous_2)
FNF:3
FNH:3
FNDA:1,(anonymous_0)
FNDA:1,(anonymous_1)
FNDA:1,(anonymous_2)
DA:3,1
DA:7,1
DA:11,1
DA:15,3
LF:4
LH:4
BRF:0
BRH:0
end_of_record
TN:
SF:src\infra\db\BookRepositoryImpl.js
FN:5,(anonymous_0)
FN:11,(anonymous_1)
FN:19,(anonymous_2)
FNF:3
FNH:3
FNDA:1,(anonymous_0)
FNDA:1,(anonymous_1)
FNDA:1,(anonymous_2)
DA:1,3
DA:2,3
DA:6,1
DA:12,1
DA:20,1
DA:24,3
LF:6
LH:6
BRF:0
BRH:0
end_of_record
TN:
SF:src\infra\db\BorrowedBookRepositoryImpl.js
FN:5,(anonymous_0)
FN:11,(anonymous_1)
FN:17,(anonymous_2)
FN:23,(anonymous_3)
FNF:4
FNH:4
FNDA:1,(anonymous_0)
FNDA:1,(anonymous_1)
FNDA:1,(anonymous_2)
FNDA:1,(anonymous_3)
DA:1,2
DA:2,2
DA:6,1
DA:12,1
DA:18,1
DA:24,1
DA:31,2
LF:7
LH:7
BRF:0
BRH:0
end_of_record
TN:
SF:src\infra\db\MemberRepositoryImpl.js
FN:5,(anonymous_0)
FN:16,(anonymous_1)
FN:31,(anonymous_2)
FNF:3
FNH:3
FNDA:1,(anonymous_0)
FNDA:1,(anonymous_1)
FNDA:1,(anonymous_2)
DA:1,2
DA:2,2
DA:6,1
DA:17,1
DA:32,1
DA:42,2
LF:6
LH:6
BRF:0
BRH:0
end_of_record
TN:
SF:src\infra\db\prisma\prismaClient.js
FNF:0
FNH:0
DA:1,4
DA:3,4
DA:5,4
LF:3
LH:3
BRF:0
BRH:0
end_of_record
